2018-08-11 15:51:46 [main] INFO  Log:18 - New driver instantiated
2018-08-11 15:51:47 [main] INFO  Log:18 - URL path set
2018-08-11 17:39:03 [main] INFO  Log:18 - New driver instantiated
2018-08-11 17:39:05 [main] INFO  Log:18 - URL path set
2018-08-11 17:41:59 [main] INFO  Log:18 - New driver instantiated
2018-08-11 17:42:00 [main] INFO  Log:18 - URL path set
2018-08-11 17:43:52 [main] INFO  Log:18 - New driver instantiated
2018-08-11 17:43:53 [main] INFO  Log:18 - URL path set
2018-08-11 17:43:54 [main] INFO  Log:18 - symbol=TANGO
2018-08-11 17:45:16 [main] INFO  Log:18 - New driver instantiated
2018-08-11 17:45:18 [main] INFO  Log:18 - URL path set
2018-08-11 17:45:18 [main] INFO  Log:18 - symbol=UNIFORM
2018-08-11 17:48:45 [main] INFO  Log:18 - New driver instantiated
2018-08-11 17:48:46 [main] INFO  Log:18 - URL path set
2018-08-11 17:48:47 [main] INFO  Log:18 - symbol=QUEBEC
2018-08-11 17:52:10 [main] INFO  Log:18 - New driver instantiated
2018-08-11 17:52:22 [main] INFO  Log:18 - URL path set
2018-08-11 17:52:31 [main] INFO  Log:18 - symbol=ZULU
2018-08-11 17:55:06 [main] INFO  Log:18 - New driver instantiated
2018-08-11 17:55:08 [main] INFO  Log:18 - URL path set
2018-08-11 17:56:05 [main] INFO  Log:18 - symbol=WHISKEY
2018-08-11 21:57:26 [main] INFO  Log:18 - New driver instantiated
2018-08-11 21:57:48 [main] INFO  Log:18 - URL path set
2018-08-11 22:00:32 [main] INFO  Log:18 - New driver instantiated
2018-08-11 22:00:50 [main] INFO  Log:18 - URL path set
2018-08-11 22:01:15 [main] INFO  Log:18 - New driver instantiated
2018-08-11 22:01:19 [main] INFO  Log:18 - URL path set
2018-08-11 22:01:21 [main] INFO  Log:18 - symbol=INDIA
2018-08-11 22:03:19 [main] INFO  Log:18 - New driver instantiated
2018-08-11 22:03:20 [main] INFO  Log:18 - URL path set
2018-08-11 22:03:21 [main] INFO  Log:18 - symbol=PAPA
2018-08-11 22:04:13 [main] INFO  Log:18 - New driver instantiated
2018-08-11 22:04:15 [main] INFO  Log:18 - URL path set
2018-08-11 22:04:16 [main] INFO  Log:18 - symbol=DELTA
2018-08-11 22:05:27 [main] INFO  Log:18 - New driver instantiated
2018-08-11 22:05:29 [main] INFO  Log:18 - URL path set
2018-08-11 22:05:29 [main] INFO  Log:18 - symbol=MIKE
2018-08-11 22:08:02 [main] INFO  Log:18 - New driver instantiated
2018-08-11 22:08:06 [main] INFO  Log:18 - URL path set
2018-08-11 22:08:07 [main] INFO  Log:18 - symbol=INDIA
2018-08-11 22:08:08 [main] INFO  Log:18 - id query executed
2018-08-11 22:08:08 [main] INFO  Log:18 - name and passkey query executed
2018-08-11 22:12:34 [main] INFO  Log:18 - New driver instantiated
2018-08-11 22:12:40 [main] INFO  Log:18 - URL path set
2018-08-11 22:12:41 [main] INFO  Log:18 - symbol=TANGO
2018-08-11 22:12:42 [main] INFO  Log:18 - id query executed
2018-08-11 22:12:42 [main] INFO  Log:18 - name and passkey query executed
2018-08-11 22:13:45 [main] INFO  Log:18 - New driver instantiated
2018-08-11 22:13:47 [main] INFO  Log:18 - URL path set
2018-08-11 22:13:47 [main] INFO  Log:18 - symbol=ECHO
2018-08-11 22:13:48 [main] INFO  Log:18 - id query executed
2018-08-11 22:13:48 [main] INFO  Log:18 - name and passkey query executed
2018-08-11 22:16:19 [main] INFO  Log:18 - New driver instantiated
2018-08-11 22:16:21 [main] INFO  Log:18 - URL path set
2018-08-11 22:16:22 [main] INFO  Log:18 - symbol=SIERRA
2018-08-11 22:16:23 [main] INFO  Log:18 - id query executed
2018-08-11 22:16:23 [main] INFO  Log:18 - name and passkey query executed
2018-08-11 22:17:58 [main] INFO  Log:18 - New driver instantiated
2018-08-11 22:17:59 [main] INFO  Log:18 - URL path set
2018-08-11 22:18:00 [main] INFO  Log:18 - symbol=INDIA
2018-08-11 22:21:46 [main] INFO  Log:18 - New driver instantiated
2018-08-11 22:21:49 [main] INFO  Log:18 - URL path set
2018-08-11 22:21:49 [main] INFO  Log:18 - symbol=ECHO
2018-08-11 22:23:50 [main] INFO  Log:18 - New driver instantiated
2018-08-11 22:23:53 [main] INFO  Log:18 - URL path set
2018-08-11 22:23:54 [main] INFO  Log:18 - symbol=FOXTROT
2018-08-11 22:23:55 [main] INFO  Log:18 - id query executed
2018-08-11 22:23:55 [main] INFO  Log:18 - name and passkey query executed
2018-08-12 00:25:08 [main] INFO  Log:18 - New driver instantiated
2018-08-12 00:25:11 [main] INFO  Log:18 - URL path set
2018-08-12 00:25:11 [main] INFO  Log:18 - symbol=GOLF
2018-08-12 00:26:35 [main] INFO  Log:18 - New driver instantiated
2018-08-12 00:26:40 [main] INFO  Log:18 - URL path set
2018-08-12 00:26:42 [main] INFO  Log:18 - symbol=MIKE
2018-08-12 00:26:43 [main] INFO  Log:18 - id query executed
2018-08-12 00:26:43 [main] INFO  Log:18 - name and passkey query executed
2018-08-12 00:31:29 [main] INFO  Log:18 - New driver instantiated
2018-08-12 00:31:31 [main] INFO  Log:18 - URL path set
2018-08-12 00:31:31 [main] INFO  Log:18 - symbol=KILO
2018-08-12 00:31:32 [main] INFO  Log:18 - id query executed
2018-08-12 00:31:32 [main] INFO  Log:18 - name and passkey query executed
2018-08-12 00:32:32 [main] INFO  Log:18 - New driver instantiated
2018-08-12 00:32:36 [main] INFO  Log:18 - URL path set
2018-08-12 00:32:36 [main] INFO  Log:18 - symbol=FOXTROT
2018-08-12 00:32:37 [main] INFO  Log:18 - id query executed
2018-08-12 00:32:38 [main] INFO  Log:18 - name and passkey query executed
2018-08-12 00:32:38 [main] INFO  Log:18 - name and passkey returned from function
2018-08-13 18:04:57 [main] INFO  Log:17 - New driver instantiated
2018-08-13 18:05:06 [main] INFO  Log:17 - URL path set
2018-08-13 18:07:55 [main] INFO  Log:17 - New driver instantiated
2018-08-13 18:08:03 [main] INFO  Log:17 - URL path set
2018-08-13 18:10:43 [main] INFO  Log:17 - New driver instantiated
2018-08-13 18:10:46 [main] INFO  Log:17 - URL path set
2018-08-13 18:16:20 [main] INFO  Log:17 - New driver instantiated
2018-08-13 18:16:22 [main] INFO  Log:17 - URL path set
2018-08-13 18:16:25 [main] ERROR Log:29 - null
2018-08-13 18:16:25 [main] INFO  Log:17 - symbol=LIMA
2018-08-13 18:16:26 [main] INFO  Log:17 - id query executed
2018-08-13 18:16:26 [main] INFO  Log:17 - name and passkey query executed
2018-08-13 18:16:26 [main] INFO  Log:17 - name and passkey returned from function
2018-08-13 18:16:29 [main] ERROR Log:29 - null
2018-08-13 18:18:09 [main] INFO  Log:17 - New driver instantiated
2018-08-13 18:18:11 [main] INFO  Log:17 - URL path set
2018-08-13 18:18:12 [main] ERROR Log:29 - null
2018-08-13 18:18:12 [main] INFO  Log:17 - symbol=DELTA
2018-08-13 18:18:13 [main] INFO  Log:17 - id query executed
2018-08-13 18:18:13 [main] INFO  Log:17 - name and passkey query executed
2018-08-13 18:18:13 [main] INFO  Log:17 - name and passkey returned from function
2018-08-13 18:18:15 [main] ERROR Log:29 - null
2018-08-13 18:20:28 [main] INFO  Log:17 - New driver instantiated
2018-08-13 18:20:30 [main] INFO  Log:17 - URL path set
2018-08-13 18:20:31 [main] ERROR Log:29 - null
2018-08-13 18:20:32 [main] INFO  Log:17 - symbol=FOXTROT
2018-08-13 18:20:32 [main] INFO  Log:17 - id query executed
2018-08-13 18:20:32 [main] INFO  Log:17 - name and passkey query executed
2018-08-13 18:20:32 [main] INFO  Log:17 - name and passkey returned from function
2018-08-13 18:20:34 [main] ERROR Log:29 - null
2018-08-13 18:24:10 [main] INFO  Log:17 - New driver instantiated
2018-08-13 18:24:12 [main] INFO  Log:17 - URL path set
2018-08-13 18:24:14 [main] ERROR Log:29 - null
2018-08-13 18:24:14 [main] INFO  Log:17 - symbol=UNIFORM
2018-08-13 18:24:14 [main] INFO  Log:17 - id query executed
2018-08-13 18:24:15 [main] INFO  Log:17 - name and passkey query executed
2018-08-13 18:24:15 [main] INFO  Log:17 - name and passkey returned from function
2018-08-13 18:24:16 [main] ERROR Log:29 - null
2018-08-13 18:26:17 [main] INFO  Log:17 - New driver instantiated
2018-08-13 18:26:21 [main] INFO  Log:17 - URL path set
2018-08-13 18:26:23 [main] ERROR Log:29 - null
2018-08-13 18:26:23 [main] INFO  Log:17 - symbol=QUEBEC
2018-08-13 18:26:24 [main] INFO  Log:17 - id query executed
2018-08-13 18:26:24 [main] INFO  Log:17 - name and passkey query executed
2018-08-13 18:26:24 [main] INFO  Log:17 - name and passkey returned from function
2018-08-13 18:26:27 [main] ERROR Log:29 - null
2018-08-13 18:28:23 [main] INFO  Log:17 - New driver instantiated
2018-08-13 18:28:24 [main] INFO  Log:17 - URL path set
2018-08-13 18:28:27 [main] INFO  Log:17 - symbol=OSCAR
2018-08-13 18:28:28 [main] INFO  Log:17 - id query executed
2018-08-13 18:28:28 [main] INFO  Log:17 - name and passkey query executed
2018-08-13 18:28:28 [main] INFO  Log:17 - name and passkey returned from function
2018-08-13 18:28:29 [main] ERROR Log:29 - null
2018-08-13 18:30:01 [main] INFO  Log:17 - New driver instantiated
2018-08-13 18:30:02 [main] INFO  Log:17 - URL path set
2018-08-13 18:30:04 [main] ERROR Log:29 - C:\Users\User\eclipse-workspace\TaTocAdvance\TestCase.xlsx (The process cannot access the file because it is being used by another process)
2018-08-13 18:30:04 [main] INFO  Log:17 - symbol=JULIET
2018-08-13 18:30:05 [main] INFO  Log:17 - id query executed
2018-08-13 18:30:05 [main] INFO  Log:17 - name and passkey query executed
2018-08-13 18:30:05 [main] INFO  Log:17 - name and passkey returned from function
2018-08-13 18:30:06 [main] ERROR Log:29 - C:\Users\User\eclipse-workspace\TaTocAdvance\TestCase.xlsx (The process cannot access the file because it is being used by another process)
2018-08-13 18:31:25 [main] INFO  Log:17 - New driver instantiated
2018-08-13 18:31:27 [main] INFO  Log:17 - URL path set
2018-08-13 18:31:29 [main] INFO  Log:17 - symbol=ALPHA
2018-08-13 18:31:30 [main] INFO  Log:17 - id query executed
2018-08-13 18:31:30 [main] INFO  Log:17 - name and passkey query executed
2018-08-13 18:31:30 [main] INFO  Log:17 - name and passkey returned from function
2018-08-13 18:33:51 [main] INFO  Log:17 - New driver instantiated
2018-08-13 18:33:52 [main] INFO  Log:17 - URL path set
2018-08-13 18:33:54 [main] INFO  Log:17 - symbol=JULIET
2018-08-13 18:33:55 [main] INFO  Log:17 - id query executed
2018-08-13 18:33:55 [main] INFO  Log:17 - name and passkey query executed
2018-08-13 18:33:55 [main] INFO  Log:17 - name and passkey returned from function
2018-08-14 23:06:02 [main] INFO  Log:17 - New driver instantiated
2018-08-14 23:06:27 [main] INFO  Log:17 - URL path set
2018-08-14 23:12:55 [main] INFO  Log:17 - New driver instantiated
2018-08-14 23:13:01 [main] INFO  Log:17 - URL path set
2018-08-14 23:16:10 [main] INFO  Log:17 - New driver instantiated
2018-08-14 23:16:14 [main] INFO  Log:17 - URL path set
2018-08-14 23:17:02 [main] INFO  Log:17 - New driver instantiated
2018-08-14 23:17:08 [main] INFO  Log:17 - URL path set
2018-08-14 23:19:56 [main] INFO  Log:17 - New driver instantiated
2018-08-14 23:19:58 [main] INFO  Log:17 - URL path set
2018-08-14 23:27:22 [main] INFO  Log:17 - New driver instantiated
2018-08-14 23:27:24 [main] INFO  Log:17 - URL path set
2018-08-14 23:30:50 [main] INFO  Log:17 - New driver instantiated
2018-08-14 23:30:51 [main] INFO  Log:17 - URL path set
2018-08-14 23:31:54 [main] INFO  Log:17 - New driver instantiated
2018-08-14 23:32:00 [main] INFO  Log:17 - URL path set
2018-08-14 23:32:10 [TestNG-tests-3] INFO  Log:17 - symbol=XRAY
2018-08-14 23:32:12 [TestNG-tests-3] INFO  Log:17 - id query executed
2018-08-14 23:32:12 [TestNG-tests-3] INFO  Log:17 - name and passkey query executed
2018-08-14 23:32:12 [TestNG-tests-3] INFO  Log:17 - name and passkey returned from function
2018-08-15 01:23:16 [main] INFO  Log:17 - New driver instantiated
2018-08-15 01:23:19 [main] INFO  Log:17 - URL path set
2018-08-15 01:23:45 [TestNG-tests-3] INFO  Log:17 - symbol=WHISKEY
2018-08-15 01:23:54 [TestNG-tests-3] INFO  Log:17 - name and passkey returned from function
2018-08-15 01:26:31 [main] INFO  Log:17 - New driver instantiated
2018-08-15 01:26:32 [main] INFO  Log:17 - URL path set
2018-08-15 01:26:36 [TestNG-tests-3] INFO  Log:17 - symbol=XRAY
2018-08-15 01:26:38 [TestNG-tests-3] INFO  Log:17 - name and passkey returned from function
2018-08-15 10:06:08 [main] INFO  Log:17 - New driver instantiated
2018-08-15 10:06:29 [main] INFO  Log:17 - URL path set
2018-08-15 10:14:23 [main] INFO  Log:17 - New driver instantiated
2018-08-15 10:14:45 [main] INFO  Log:17 - URL path set
2018-08-15 10:17:48 [main] INFO  Log:17 - New driver instantiated
2018-08-15 10:17:52 [main] INFO  Log:17 - URL path set
2018-08-15 10:17:54 [main] INFO  Log:17 - symbol=ZULU
2018-08-15 10:17:55 [main] INFO  Log:17 - id query executed
2018-08-15 10:17:56 [main] INFO  Log:17 - name and passkey query executed
2018-08-15 10:17:56 [main] INFO  Log:17 - name and passkey returned from function
2018-08-15 10:20:50 [main] INFO  Log:17 - New driver instantiated
2018-08-15 10:20:51 [main] INFO  Log:17 - URL path set
2018-08-15 10:20:54 [main] INFO  Log:17 - symbol=TANGO
2018-08-15 10:20:54 [main] INFO  Log:17 - id query executed
2018-08-15 10:20:54 [main] INFO  Log:17 - name and passkey query executed
2018-08-15 10:20:55 [main] INFO  Log:17 - name and passkey returned from function
2018-08-15 10:22:31 [main] INFO  Log:17 - New driver instantiated
2018-08-15 10:22:33 [main] INFO  Log:17 - URL path set
2018-08-15 10:22:35 [main] INFO  Log:17 - symbol=ECHO
2018-08-15 10:22:36 [main] INFO  Log:17 - id query executed
2018-08-15 10:22:36 [main] INFO  Log:17 - name and passkey query executed
2018-08-15 10:22:36 [main] INFO  Log:17 - name and passkey returned from function
2018-08-15 10:23:41 [main] INFO  Log:17 - New driver instantiated
2018-08-15 10:23:42 [main] INFO  Log:17 - URL path set
2018-08-15 10:23:45 [main] INFO  Log:17 - symbol=SIERRA
2018-08-15 10:23:46 [main] INFO  Log:17 - id query executed
2018-08-15 10:23:46 [main] INFO  Log:17 - name and passkey query executed
2018-08-15 10:23:46 [main] INFO  Log:17 - name and passkey returned from function
2018-08-15 10:26:06 [main] INFO  Log:17 - New driver instantiated
2018-08-15 10:26:07 [main] INFO  Log:17 - URL path set
2018-08-15 10:26:10 [main] INFO  Log:17 - symbol=VICTOR
2018-08-15 10:26:11 [main] INFO  Log:17 - id query executed
2018-08-15 10:26:11 [main] INFO  Log:17 - name and passkey query executed
2018-08-15 10:26:11 [main] INFO  Log:17 - name and passkey returned from function
2018-08-15 10:27:58 [main] INFO  Log:17 - New driver instantiated
2018-08-15 10:28:00 [main] INFO  Log:17 - URL path set
2018-08-15 10:28:04 [main] INFO  Log:17 - symbol=UNIFORM
2018-08-15 10:28:05 [main] INFO  Log:17 - id query executed
2018-08-15 10:28:05 [main] INFO  Log:17 - name and passkey query executed
2018-08-15 10:28:05 [main] INFO  Log:17 - name and passkey returned from function
2018-08-15 10:33:45 [main] INFO  Log:17 - New driver instantiated
2018-08-15 10:33:50 [main] INFO  Log:17 - URL path set
2018-08-15 10:33:53 [main] INFO  Log:17 - symbol=PAPA
2018-08-15 10:33:54 [main] INFO  Log:17 - id query executed
2018-08-15 10:33:54 [main] INFO  Log:17 - name and passkey query executed
2018-08-15 10:33:54 [main] INFO  Log:17 - name and passkey returned from function
2018-08-15 10:37:51 [main] INFO  Log:17 - New driver instantiated
2018-08-15 10:37:52 [main] INFO  Log:17 - URL path set
